# JRE version: OpenJDK Runtime Environment (11.0.11+9) (build 11.0.11+9-b60-7590822)
# Java VM: OpenJDK 64-Bit Server VM (11.0.11+9-b60-7590822, mixed mode, tiered, compressed oops, g1 gc, windows-amd64)
Heap:
 garbage-first heap   total 262144K, used 182049K [0x0000000080000000, 0x0000000100000000)
  region size 1024K, 120 young (122880K), 14 survivors (14336K)
 Metaspace       used 89097K, capacity 91218K, committed 91376K, reserved 1128448K
  class space    used 11576K, capacity 12403K, committed 12492K, reserved 1048576K
GC Heap History (20 events):
Event: 0.735 GC heap before
{Heap before GC invocations=0 (full 0):
 garbage-first heap   total 262144K, used 29696K [0x0000000080000000, 0x0000000100000000)
  region size 1024K, 24 young (24576K), 0 survivors (0K)
 Metaspace       used 10149K, capacity 10387K, committed 10624K, reserved 1058816K
  class space    used 1060K, capacity 1106K, committed 1152K, reserved 1048576K
}
Event: 0.739 GC heap after
{Heap after GC invocations=1 (full 0):
 garbage-first heap   total 262144K, used 9299K [0x0000000080000000, 0x0000000100000000)
  region size 1024K, 3 young (3072K), 3 survivors (3072K)
 Metaspace       used 10149K, capacity 10387K, committed 10624K, reserved 1058816K
  class space    used 1060K, capacity 1106K, committed 1152K, reserved 1048576K
}
Event: 2.605 GC heap before
{Heap before GC invocations=1 (full 0):
 garbage-first heap   total 262144K, used 111699K [0x0000000080000000, 0x0000000100000000)
  region size 1024K, 104 young (106496K), 3 survivors (3072K)
 Metaspace       used 20630K, capacity 21100K, committed 21296K, reserved 1069056K
  class space    used 2532K, capacity 2660K, committed 2688K, reserved 1048576K
}
Event: 2.616 GC heap after
{Heap after GC invocations=2 (full 0):
 garbage-first heap   total 262144K, used 17022K [0x0000000080000000, 0x0000000100000000)
  region size 1024K, 11 young (11264K), 11 survivors (11264K)
 Metaspace       used 20630K, capacity 21100K, committed 21296K, reserved 1069056K
  class space    used 2532K, capacity 2660K, committed 2688K, reserved 1048576K
}
Event: 2.890 GC heap before
{Heap before GC invocations=3 (full 0):
 garbage-first heap   total 262144K, used 44670K [0x0000000080000000, 0x0000000100000000)
  region size 1024K, 38 young (38912K), 11 survivors (11264K)
 Metaspace       used 23275K, capacity 23866K, committed 24112K, reserved 1071104K
  class space    used 2972K, capacity 3181K, committed 3200K, reserved 1048576K
}
Event: 2.898 GC heap after
{Heap after GC invocations=4 (full 0):
 garbage-first heap   total 262144K, used 18304K [0x0000000080000000, 0x0000000100000000)
  region size 1024K, 2 young (2048K), 2 survivors (2048K)
 Metaspace       used 23275K, capacity 23866K, committed 24112K, reserved 1071104K
  class space    used 2972K, capacity 3181K, committed 3200K, reserved 1048576K
}
Event: 3.945 GC heap before
{Heap before GC invocations=4 (full 0):
 garbage-first heap   total 262144K, used 104320K [0x0000000080000000, 0x0000000100000000)
  region size 1024K, 87 young (89088K), 2 survivors (2048K)
 Metaspace       used 34938K, capacity 35650K, committed 35708K, reserved 1081344K
  class space    used 4550K, capacity 4863K, committed 4864K, reserved 1048576K
}
Event: 3.957 GC heap after
{Heap after GC invocations=5 (full 0):
 garbage-first heap   total 262144K, used 22827K [0x0000000080000000, 0x0000000100000000)
  region size 1024K, 6 young (6144K), 6 survivors (6144K)
 Metaspace       used 34938K, capacity 35650K, committed 35708K, reserved 1081344K
  class space    used 4550K, capacity 4863K, committed 4864K, reserved 1048576K
}
Event: 5.409 GC heap before
{Heap before GC invocations=6 (full 0):
 garbage-first heap   total 262144K, used 145707K [0x0000000080000000, 0x0000000100000000)
  region size 1024K, 123 young (125952K), 6 survivors (6144K)
 Metaspace       used 44872K, capacity 45855K, committed 46024K, reserved 1089536K
  class space    used 5767K, capacity 6161K, committed 6220K, reserved 1048576K
}
Event: 5.426 GC heap after
{Heap after GC invocations=7 (full 0):
 garbage-first heap   total 262144K, used 29709K [0x0000000080000000, 0x0000000100000000)
  region size 1024K, 13 young (13312K), 13 survivors (13312K)
 Metaspace       used 44872K, capacity 45855K, committed 46024K, reserved 1089536K
  class space    used 5767K, capacity 6161K, committed 6220K, reserved 1048576K
}
Event: 7.409 GC heap before
{Heap before GC invocations=7 (full 0):
 garbage-first heap   total 262144K, used 169997K [0x0000000080000000, 0x0000000100000000)
  region size 1024K, 141 young (144384K), 13 survivors (13312K)
 Metaspace       used 53496K, capacity 54801K, committed 54856K, reserved 1097728K
  class space    used 6827K, capacity 7332K, committed 7372K, reserved 1048576K
}
Event: 7.424 GC heap after
{Heap after GC invocations=8 (full 0):
 garbage-first heap   total 262144K, used 50231K [0x0000000080000000, 0x0000000100000000)
  region size 1024K, 18 young (18432K), 18 survivors (18432K)
 Metaspace       used 53496K, capacity 54801K, committed 54856K, reserved 1097728K
  class space    used 6827K, capacity 7332K, committed 7372K, reserved 1048576K
}
Event: 8.081 GC heap before
{Heap before GC invocations=8 (full 0):
 garbage-first heap   total 262144K, used 84023K [0x0000000080000000, 0x0000000100000000)
  region size 1024K, 52 young (53248K), 18 survivors (18432K)
 Metaspace       used 58629K, capacity 60001K, committed 60068K, reserved 1101824K
  class space    used 7457K, capacity 7975K, committed 8012K, reserved 1048576K
}
Event: 8.096 GC heap after
{Heap after GC invocations=9 (full 0):
 garbage-first heap   total 262144K, used 53146K [0x0000000080000000, 0x0000000100000000)
  region size 1024K, 3 young (3072K), 3 survivors (3072K)
 Metaspace       used 58629K, capacity 60001K, committed 60068K, reserved 1101824K
  class space    used 7457K, capacity 7975K, committed 8012K, reserved 1048576K
}
Event: 9.491 GC heap before
{Heap before GC invocations=10 (full 0):
 garbage-first heap   total 262144K, used 154522K [0x0000000080000000, 0x0000000100000000)
  region size 1024K, 102 young (104448K), 3 survivors (3072K)
 Metaspace       used 66939K, capacity 68349K, committed 68592K, reserved 1110016K
  class space    used 8494K, capacity 9033K, committed 9164K, reserved 1048576K
}
Event: 9.505 GC heap after
{Heap after GC invocations=11 (full 0):
 garbage-first heap   total 262144K, used 59042K [0x0000000080000000, 0x0000000100000000)
  region size 1024K, 9 young (9216K), 9 survivors (9216K)
 Metaspace       used 66939K, capacity 68349K, committed 68592K, reserved 1110016K
  class space    used 8494K, capacity 9033K, committed 9164K, reserved 1048576K
}
Event: 11.102 GC heap before
{Heap before GC invocations=12 (full 0):
 garbage-first heap   total 262144K, used 164514K [0x0000000080000000, 0x0000000100000000)
  region size 1024K, 112 young (114688K), 9 survivors (9216K)
 Metaspace       used 75253K, capacity 76951K, committed 77040K, reserved 1116160K
  class space    used 9756K, capacity 10391K, committed 10444K, reserved 1048576K
}
Event: 11.121 GC heap after
{Heap after GC invocations=13 (full 0):
 garbage-first heap   total 262144K, used 66742K [0x0000000080000000, 0x0000000100000000)
  region size 1024K, 8 young (8192K), 8 survivors (8192K)
 Metaspace       used 75253K, capacity 76951K, committed 77040K, reserved 1116160K
  class space    used 9756K, capacity 10391K, committed 10444K, reserved 1048576K
}
Event: 12.873 GC heap before
{Heap before GC invocations=13 (full 0):
 garbage-first heap   total 262144K, used 172214K [0x0000000080000000, 0x0000000100000000)
  region size 1024K, 112 young (114688K), 8 survivors (8192K)
 Metaspace       used 84284K, capacity 86378K, committed 86512K, reserved 1124352K
  class space    used 11076K, capacity 11893K, committed 11980K, reserved 1048576K
}
Event: 12.889 GC heap after
{Heap after GC invocations=14 (full 0):
 garbage-first heap   total 262144K, used 73505K [0x0000000080000000, 0x0000000100000000)
  region size 1024K, 14 young (14336K), 14 survivors (14336K)
 Metaspace       used 84284K, capacity 86378K, committed 86512K, reserved 1124352K
  class space    used 11076K, capacity 11893K, committed 11980K, reserved 1048576K
}

